2022-10-07 11:41:39 [    INFO]----start--------start--------start--------start--------start--------start----增加库区_收货暂存区----start--------start--------start--------start--------start--------start---- (test_create_area.py:28)
2022-10-07 11:41:39 [    INFO]     <√√√√√√>  测试用例id: WMS_KQGL_01 标题： 增加库区_收货暂存区  通过 (test_create_area.py:50)
2022-10-07 11:41:39 [    INFO]___end______end______end______end______end______end___增加库区_收货暂存区___end______end______end___ (test_create_area.py:51)
2022-10-07 11:41:39 [    INFO]----start--------start--------start--------start--------start--------start----增加库区_备货区----start--------start--------start--------start--------start--------start---- (test_create_area.py:28)
2022-10-07 11:41:40 [    INFO]     <√√√√√√>  测试用例id: WMS_KQGL_02 标题： 增加库区_备货区  通过 (test_create_area.py:50)
2022-10-07 11:41:40 [    INFO]___end______end______end______end______end______end___增加库区_备货区___end______end______end___ (test_create_area.py:51)
2022-10-07 11:41:40 [    INFO]----start--------start--------start--------start--------start--------start----增加库区_存储区----start--------start--------start--------start--------start--------start---- (test_create_area.py:28)
2022-10-07 11:41:40 [    INFO]     <√√√√√√>  测试用例id: WMS_KQGL_03 标题： 增加库区_存储区  通过 (test_create_area.py:50)
2022-10-07 11:41:40 [    INFO]___end______end______end______end______end______end___增加库区_存储区___end______end______end___ (test_create_area.py:51)
2022-10-07 11:41:40 [    INFO]----start--------start--------start--------start--------start--------start----增加库区_待检区----start--------start--------start--------start--------start--------start---- (test_create_area.py:28)
2022-10-07 11:41:40 [    INFO]     <√√√√√√>  测试用例id: WMS_KQGL_04 标题： 增加库区_待检区  通过 (test_create_area.py:50)
2022-10-07 11:41:40 [    INFO]___end______end______end______end______end______end___增加库区_待检区___end______end______end___ (test_create_area.py:51)
2022-10-07 11:41:40 [    INFO]----start--------start--------start--------start--------start--------start----增加库区_退货区----start--------start--------start--------start--------start--------start---- (test_create_area.py:28)
2022-10-07 11:41:41 [    INFO]     <√√√√√√>  测试用例id: WMS_KQGL_05 标题： 增加库区_退货区  通过 (test_create_area.py:50)
2022-10-07 11:41:41 [    INFO]___end______end______end______end______end______end___增加库区_退货区___end______end______end___ (test_create_area.py:51)
2022-10-07 11:41:41 [    INFO]----start--------start--------start--------start--------start--------start----增加库区_冷冻区----start--------start--------start--------start--------start--------start---- (test_create_area.py:28)
2022-10-07 11:41:41 [    INFO]     <√√√√√√>  测试用例id: WMS_KQGL_06 标题： 增加库区_冷冻区  通过 (test_create_area.py:50)
2022-10-07 11:41:41 [    INFO]___end______end______end______end______end______end___增加库区_冷冻区___end______end______end___ (test_create_area.py:51)
2022-10-07 11:41:41 [    INFO]----start--------start--------start--------start--------start--------start----增加库区_冷藏区----start--------start--------start--------start--------start--------start---- (test_create_area.py:28)
2022-10-07 11:41:41 [    INFO]     <√√√√√√>  测试用例id: WMS_KQGL_07 标题： 增加库区_冷藏区  通过 (test_create_area.py:50)
2022-10-07 11:41:41 [    INFO]___end______end______end______end______end______end___增加库区_冷藏区___end______end______end___ (test_create_area.py:51)
2022-10-07 11:41:41 [    INFO]----start--------start--------start--------start--------start--------start----增加库区_报废区----start--------start--------start--------start--------start--------start---- (test_create_area.py:28)
2022-10-07 11:41:42 [    INFO]     <√√√√√√>  测试用例id: WMS_KQGL_08 标题： 增加库区_报废区  通过 (test_create_area.py:50)
2022-10-07 11:41:42 [    INFO]___end______end______end______end______end______end___增加库区_报废区___end______end______end___ (test_create_area.py:51)
2022-10-07 11:41:42 [    INFO]----start--------start--------start--------start--------start--------start----查询库区信息----start--------start--------start--------start--------start--------start---- (test_create_area.py:28)
2022-10-07 11:41:42 [    INFO]     <√√√√√√>  测试用例id: WMS_KQGL_09 标题： 查询库区信息  通过 (test_create_area.py:50)
2022-10-07 11:41:42 [    INFO]___end______end______end______end______end______end___查询库区信息___end______end______end___ (test_create_area.py:51)
2022-10-07 11:41:42 [    INFO]----start--------start--------start--------start--------start--------start----新增库位----start--------start--------start--------start--------start--------start---- (test_create_area.py:28)
2022-10-07 11:41:43 [    INFO]     <√√√√√√>  测试用例id: WMS_KQGL_10 标题： 新增库位  通过 (test_create_area.py:50)
2022-10-07 11:41:43 [    INFO]___end______end______end______end______end______end___新增库位___end______end______end___ (test_create_area.py:51)
2022-10-07 11:41:43 [    INFO]----start--------start--------start--------start--------start--------start----查询商品信息----start--------start--------start--------start--------start--------start---- (test_create_area.py:28)
2022-10-07 11:41:43 [    INFO]     <√√√√√√>  测试用例id: WMS_KQGL_11 标题： 查询商品信息  通过 (test_create_area.py:50)
2022-10-07 11:41:43 [    INFO]___end______end______end______end______end______end___查询商品信息___end______end______end___ (test_create_area.py:51)
2022-10-07 11:41:43 [    INFO]----start--------start--------start--------start--------start--------start----新增到货通知单----start--------start--------start--------start--------start--------start---- (test_create_area.py:28)
2022-10-07 11:41:43 [    INFO]     <√√√√√√>  测试用例id: WMS_KQGL_12 标题： 新增到货通知单  通过 (test_create_area.py:50)
2022-10-07 11:41:43 [    INFO]___end______end______end______end______end______end___新增到货通知单___end______end______end___ (test_create_area.py:51)
2022-10-07 11:41:43 [    INFO]----start--------start--------start--------start--------start--------start----查询到货通知单----start--------start--------start--------start--------start--------start---- (test_create_area.py:28)
2022-10-07 11:41:44 [    INFO]     <√√√√√√>  测试用例id: WMS_KQGL_13 标题： 查询到货通知单  通过 (test_create_area.py:50)
2022-10-07 11:41:44 [    INFO]___end______end______end______end______end______end___查询到货通知单___end______end______end___ (test_create_area.py:51)
2022-10-07 11:41:44 [    INFO]----start--------start--------start--------start--------start--------start----查询指定确认到货通知单----start--------start--------start--------start--------start--------start---- (test_create_area.py:28)
2022-10-07 11:41:44 [    INFO]     <√√√√√√>  测试用例id: WMS_KQGL_14 标题： 查询指定确认到货通知单  通过 (test_create_area.py:78)
2022-10-07 11:41:44 [    INFO]___end______end______end______end______end______end___查询指定确认到货通知单___end______end______end___ (test_create_area.py:79)
2022-10-07 11:41:44 [    INFO]----start--------start--------start--------start--------start--------start----确认到货----start--------start--------start--------start--------start--------start---- (test_create_area.py:28)
2022-10-07 11:41:44 [    INFO]     <√√√√√√>  测试用例id: WMS_KQGL_15 标题： 确认到货  通过 (test_create_area.py:50)
2022-10-07 11:41:44 [    INFO]___end______end______end______end______end______end___确认到货___end______end______end___ (test_create_area.py:51)
2022-10-07 11:41:44 [    INFO]----start--------start--------start--------start--------start--------start----查询可选库区类型----start--------start--------start--------start--------start--------start---- (test_basic_inquire.py:23)
2022-10-07 11:41:45 [    INFO]     <√√√√√√>  测试用例id: WMS_JCCX_01 标题： 查询可选库区类型  通过 (test_basic_inquire.py:37)
2022-10-07 11:41:45 [    INFO]----start--------start--------start--------start--------start--------start----查询可选温区类型----start--------start--------start--------start--------start--------start---- (test_basic_inquire.py:23)
2022-10-07 11:41:45 [    INFO]     <√√√√√√>  测试用例id: WMS_JCCX_02 标题： 查询可选温区类型  通过 (test_basic_inquire.py:37)
2022-10-07 11:41:45 [    INFO]----start--------start--------start--------start--------start--------start----查询可选库位类型----start--------start--------start--------start--------start--------start---- (test_basic_inquire.py:23)
2022-10-07 11:41:46 [    INFO]     <√√√√√√>  测试用例id: WMS_JCCX_03 标题： 查询可选库位类型  通过 (test_basic_inquire.py:37)
2022-10-07 11:41:46 [    INFO]----start--------start--------start--------start--------start--------start----查询可选货主----start--------start--------start--------start--------start--------start---- (test_basic_inquire.py:23)
2022-10-07 11:41:46 [    INFO]     <√√√√√√>  测试用例id: WMS_JCCX_04 标题： 查询可选货主  通过 (test_basic_inquire.py:37)
2022-10-07 11:41:46 [    INFO]----start--------start--------start--------start--------start--------start----查询可选入库业务类型----start--------start--------start--------start--------start--------start---- (test_basic_inquire.py:23)
2022-10-07 11:41:46 [    INFO]     <√√√√√√>  测试用例id: WMS_JCCX_05 标题： 查询可选入库业务类型  通过 (test_basic_inquire.py:37)
2022-10-07 11:41:46 [    INFO]----start--------start--------start--------start--------start--------start----查询可用到货方式----start--------start--------start--------start--------start--------start---- (test_basic_inquire.py:23)
2022-10-07 11:41:47 [    INFO]     <√√√√√√>  测试用例id: WMS_JCCX_06 标题： 查询可用到货方式  通过 (test_basic_inquire.py:37)
2022-10-07 11:41:47 [    INFO]----start--------start--------start--------start--------start--------start----查询可选商品类型----start--------start--------start--------start--------start--------start---- (test_basic_inquire.py:23)
2022-10-07 11:41:47 [    INFO]     <√√√√√√>  测试用例id: WMS_JCCX_07 标题： 查询可选商品类型  通过 (test_basic_inquire.py:37)
2022-10-07 11:41:47 [    INFO]----start--------start--------start--------start--------start--------start----查询可选出库业务类型----start--------start--------start--------start--------start--------start---- (test_basic_inquire.py:23)
2022-10-07 11:41:48 [    INFO]     <√√√√√√>  测试用例id: WMS_JCCX_08 标题： 查询可选出库业务类型  通过 (test_basic_inquire.py:37)
2022-10-07 11:41:48 [    INFO]----start--------start--------start--------start--------start--------start----查询发货可选方式类型----start--------start--------start--------start--------start--------start---- (test_basic_inquire.py:23)
2022-10-07 11:41:48 [    INFO]     <√√√√√√>  测试用例id: WMS_JCCX_09 标题： 查询发货可选方式类型  通过 (test_basic_inquire.py:37)
2022-10-07 11:41:48 [    INFO]----start--------start--------start--------start--------start--------start----开始拷贝日志文件----start--------start--------start--------start--------start--------start---- (conftest.py:30)
